0 info it worked if it ends with ok
1 verbose cli [ 'node', '/home/travis/.nvm/v0.10.40/bin/npm', 'run', 'travis' ]
2 info using npm@3.3.3
3 info using node@v0.10.40
4 verbose run-script [ 'pretravis', 'travis', 'posttravis' ]
5 info lifecycle modernizr-neue@1.0.0~pretravis: modernizr-neue@1.0.0
6 silly lifecycle modernizr-neue@1.0.0~pretravis: no script for pretravis, continuing
7 info lifecycle modernizr-neue@1.0.0~travis: modernizr-neue@1.0.0
8 verbose lifecycle modernizr-neue@1.0.0~travis: unsafe-perm in lifecycle true
9 verbose lifecycle modernizr-neue@1.0.0~travis: PATH: /home/travis/.nvm/v0.10.40/lib/node_modules/npm/bin/node-gyp-bin:/home/travis/build/Modernizr/modernizr-neue/node_modules/.bin:/home/travis/.nvm/v0.10.40/bin:/home/travis/bin:/home/travis/.local/bin:/home/travis/.gimme/versions/go1.4.1.linux.amd64/bin:/usr/local/phantomjs/bin:./node_modules/.bin:/usr/local/maven-3.2.5/bin:/usr/local/clang-3.4/bin:/home/travis/.gimme/versions/go1.4.1.linux.amd64/bin:/usr/local/phantomjs/bin:./node_modules/.bin:/usr/local/maven-3.2.5/bin:/usr/local/clang-3.4/bin:/home/travis/.gimme/versions/go1.4.1.linux.amd64/bin:/home/travis/.rvm/gems/ruby-1.9.3-p551/bin:/home/travis/.rvm/gems/ruby-1.9.3-p551@global/bin:/home/travis/.rvm/rubies/ruby-1.9.3-p551/bin:/usr/local/phantomjs/bin:./node_modules/.bin:/usr/local/maven-3.2.5/bin:/usr/local/clang-3.4/bin:/usr/local/sbin:/usr/local/bin:/usr/sbin:/usr/bin:/sbin:/bin:/home/travis/.rvm/bin:/home/travis/.rvm/bin:/home/travis/.rvm/bin
10 verbose lifecycle modernizr-neue@1.0.0~travis: CWD: /home/travis/build/Modernizr/modernizr-neue
11 silly lifecycle modernizr-neue@1.0.0~travis: Args: [ '-c', 'gulp gh-pages' ]
12 silly lifecycle modernizr-neue@1.0.0~travis: Returned: code: 1  signal: null
13 info lifecycle modernizr-neue@1.0.0~travis: Failed to exec travis script
14 verbose stack Error: modernizr-neue@1.0.0 travis: `gulp gh-pages`
14 verbose stack Exit status 1
14 verbose stack     at EventEmitter.<anonymous> (/home/travis/.nvm/v0.10.40/lib/node_modules/npm/lib/utils/lifecycle.js:233:16)
14 verbose stack     at EventEmitter.emit (events.js:98:17)
14 verbose stack     at ChildProcess.<anonymous> (/home/travis/.nvm/v0.10.40/lib/node_modules/npm/lib/utils/spawn.js:24:14)
14 verbose stack     at ChildProcess.emit (events.js:98:17)
14 verbose stack     at maybeClose (child_process.js:766:16)
14 verbose stack     at Process.ChildProcess._handle.onexit (child_process.js:833:5)
15 verbose pkgid modernizr-neue@1.0.0
16 verbose cwd /home/travis/build/Modernizr/modernizr-neue
17 error Linux 3.13.0-40-generic
18 error argv "node" "/home/travis/.nvm/v0.10.40/bin/npm" "run" "travis"
19 error node v0.10.40
20 error npm  v3.3.3
21 error code ELIFECYCLE
22 error modernizr-neue@1.0.0 travis: `gulp gh-pages`
22 error Exit status 1
23 error Failed at the modernizr-neue@1.0.0 travis script 'gulp gh-pages'.
23 error This is most likely a problem with the modernizr-neue package,
23 error not with npm itself.
23 error Tell the author that this fails on your system:
23 error     gulp gh-pages
23 error You can get their info via:
23 error     npm owner ls modernizr-neue
23 error There is likely additional logging output above.
24 verbose exit [ 1, true ]
